# JRE version: OpenJDK Runtime Environment (8.0_242-b01) (build 1.8.0_242-release-1644-b01)
# Java VM: OpenJDK 64-Bit Server VM (25.242-b01 mixed mode windows-amd64 compressed oops)
Heap:
 PSYoungGen      total 573440K, used 506400K [0x00000000d5580000, 0x00000000fc500000, 0x0000000100000000)
  eden space 508416K, 97% used [0x00000000d5580000,0x00000000f392f2c0,0x00000000f4600000)
  from space 65024K, 17% used [0x00000000f4600000,0x00000000f50d9030,0x00000000f8580000)
  to   space 60416K, 0% used [0x00000000f8a00000,0x00000000f8a00000,0x00000000fc500000)
 ParOldGen       total 318464K, used 152692K [0x0000000080000000, 0x0000000093700000, 0x00000000d5580000)
  object space 318464K, 47% used [0x0000000080000000,0x000000008951d1c8,0x0000000093700000)
 Metaspace       used 144317K, capacity 150941K, committed 151296K, reserved 1181696K
  class space    used 18344K, capacity 19570K, committed 19712K, reserved 1048576K
GC Heap History (10 events):
Event: 2255.263 GC heap before
{Heap before GC invocations=42 (full 5):
 PSYoungGen      total 462336K, used 397414K [0x00000000d5580000, 0x00000000f6b00000, 0x0000000100000000)
  eden space 386560K, 100% used [0x00000000d5580000,0x00000000ecf00000,0x00000000ecf00000)
  from space 75776K, 14% used [0x00000000f2100000,0x00000000f2b99b40,0x00000000f6b00000)
  to   space 79872K, 0% used [0x00000000ecf00000,0x00000000ecf00000,0x00000000f1d00000)
 ParOldGen       total 318464K, used 134714K [0x0000000080000000, 0x0000000093700000, 0x00000000d5580000)
  object space 318464K, 42% used [0x0000000080000000,0x000000008838ea58,0x0000000093700000)
 Metaspace       used 143908K, capacity 150459K, committed 151040K, reserved 1181696K
  class space    used 18291K, capacity 19523K, committed 19712K, reserved 1048576K
Event: 2255.335 GC heap after
Heap after GC invocations=42 (full 5):
 PSYoungGen      total 466432K, used 17811K [0x00000000d5580000, 0x00000000f9980000, 0x0000000100000000)
  eden space 386560K, 0% used [0x00000000d5580000,0x00000000d5580000,0x00000000ecf00000)
  from space 79872K, 22% used [0x00000000ecf00000,0x00000000ee064d48,0x00000000f1d00000)
  to   space 76288K, 0% used [0x00000000f4f00000,0x00000000f4f00000,0x00000000f9980000)
 ParOldGen       total 318464K, used 134714K [0x0000000080000000, 0x0000000093700000, 0x00000000d5580000)
  object space 318464K, 42% used [0x0000000080000000,0x000000008838ea58,0x0000000093700000)
 Metaspace       used 143908K, capacity 150459K, committed 151040K, reserved 1181696K
  class space    used 18291K, capacity 19523K, committed 19712K, reserved 1048576K
}
Event: 2256.957 GC heap before
{Heap before GC invocations=43 (full 5):
 PSYoungGen      total 466432K, used 404371K [0x00000000d5580000, 0x00000000f9980000, 0x0000000100000000)
  eden space 386560K, 100% used [0x00000000d5580000,0x00000000ecf00000,0x00000000ecf00000)
  from space 79872K, 22% used [0x00000000ecf00000,0x00000000ee064d48,0x00000000f1d00000)
  to   space 76288K, 0% used [0x00000000f4f00000,0x00000000f4f00000,0x00000000f9980000)
 ParOldGen       total 318464K, used 134714K [0x0000000080000000, 0x0000000093700000, 0x00000000d5580000)
  object space 318464K, 42% used [0x0000000080000000,0x000000008838ea58,0x0000000093700000)
 Metaspace       used 143920K, capacity 150461K, committed 151040K, reserved 1181696K
  class space    used 18291K, capacity 19524K, committed 19712K, reserved 1048576K
Event: 2256.998 GC heap after
Heap after GC invocations=43 (full 5):
 PSYoungGen      total 513536K, used 21142K [0x00000000d5580000, 0x00000000f9300000, 0x0000000100000000)
  eden space 443904K, 0% used [0x00000000d5580000,0x00000000d5580000,0x00000000f0700000)
  from space 69632K, 30% used [0x00000000f4f00000,0x00000000f63a5ab8,0x00000000f9300000)
  to   space 71680K, 0% used [0x00000000f0700000,0x00000000f0700000,0x00000000f4d00000)
 ParOldGen       total 318464K, used 134714K [0x0000000080000000, 0x0000000093700000, 0x00000000d5580000)
  object space 318464K, 42% used [0x0000000080000000,0x000000008838ea58,0x0000000093700000)
 Metaspace       used 143920K, capacity 150461K, committed 151040K, reserved 1181696K
  class space    used 18291K, capacity 19524K, committed 19712K, reserved 1048576K
}
Event: 2258.400 GC heap before
{Heap before GC invocations=44 (full 5):
 PSYoungGen      total 513536K, used 465046K [0x00000000d5580000, 0x00000000f9300000, 0x0000000100000000)
  eden space 443904K, 100% used [0x00000000d5580000,0x00000000f0700000,0x00000000f0700000)
  from space 69632K, 30% used [0x00000000f4f00000,0x00000000f63a5ab8,0x00000000f9300000)
  to   space 71680K, 0% used [0x00000000f0700000,0x00000000f0700000,0x00000000f4d00000)
 ParOldGen       total 318464K, used 134714K [0x0000000080000000, 0x0000000093700000, 0x00000000d5580000)
  object space 318464K, 42% used [0x0000000080000000,0x000000008838ea58,0x0000000093700000)
 Metaspace       used 143957K, capacity 150473K, committed 151040K, reserved 1181696K
  class space    used 18292K, capacity 19526K, committed 19712K, reserved 1048576K
Event: 2258.426 GC heap after
Heap after GC invocations=44 (full 5):
 PSYoungGen      total 515584K, used 17868K [0x00000000d5580000, 0x00000000fcd00000, 0x0000000100000000)
  eden space 443904K, 0% used [0x00000000d5580000,0x00000000d5580000,0x00000000f0700000)
  from space 71680K, 24% used [0x00000000f0700000,0x00000000f1873250,0x00000000f4d00000)
  to   space 68608K, 0% used [0x00000000f8a00000,0x00000000f8a00000,0x00000000fcd00000)
 ParOldGen       total 318464K, used 142409K [0x0000000080000000, 0x0000000093700000, 0x00000000d5580000)
  object space 318464K, 44% used [0x0000000080000000,0x0000000088b127d0,0x0000000093700000)
 Metaspace       used 143957K, capacity 150473K, committed 151040K, reserved 1181696K
  class space    used 18292K, capacity 19526K, committed 19712K, reserved 1048576K
}
Event: 2260.560 GC heap before
{Heap before GC invocations=45 (full 5):
 PSYoungGen      total 515584K, used 461772K [0x00000000d5580000, 0x00000000fcd00000, 0x0000000100000000)
  eden space 443904K, 100% used [0x00000000d5580000,0x00000000f0700000,0x00000000f0700000)
  from space 71680K, 24% used [0x00000000f0700000,0x00000000f1873250,0x00000000f4d00000)
  to   space 68608K, 0% used [0x00000000f8a00000,0x00000000f8a00000,0x00000000fcd00000)
 ParOldGen       total 318464K, used 142409K [0x0000000080000000, 0x0000000093700000, 0x00000000d5580000)
  object space 318464K, 44% used [0x0000000080000000,0x0000000088b127d0,0x0000000093700000)
 Metaspace       used 144254K, capacity 150851K, committed 151296K, reserved 1181696K
  class space    used 18342K, capacity 19567K, committed 19712K, reserved 1048576K
Event: 2260.598 GC heap after
Heap after GC invocations=45 (full 5):
 PSYoungGen      total 568832K, used 17441K [0x00000000d5580000, 0x00000000fc500000, 0x0000000100000000)
  eden space 508416K, 0% used [0x00000000d5580000,0x00000000d5580000,0x00000000f4600000)
  from space 60416K, 28% used [0x00000000f8a00000,0x00000000f9b08448,0x00000000fc500000)
  to   space 65024K, 0% used [0x00000000f4600000,0x00000000f4600000,0x00000000f8580000)
 ParOldGen       total 318464K, used 147787K [0x0000000080000000, 0x0000000093700000, 0x00000000d5580000)
  object space 318464K, 46% used [0x0000000080000000,0x0000000089052c98,0x0000000093700000)
 Metaspace       used 144254K, capacity 150851K, committed 151296K, reserved 1181696K
  class space    used 18342K, capacity 19567K, committed 19712K, reserved 1048576K
}
Event: 2262.762 GC heap before
{Heap before GC invocations=46 (full 5):
 PSYoungGen      total 568832K, used 525857K [0x00000000d5580000, 0x00000000fc500000, 0x0000000100000000)
  eden space 508416K, 100% used [0x00000000d5580000,0x00000000f4600000,0x00000000f4600000)
  from space 60416K, 28% used [0x00000000f8a00000,0x00000000f9b08448,0x00000000fc500000)
  to   space 65024K, 0% used [0x00000000f4600000,0x00000000f4600000,0x00000000f8580000)
 ParOldGen       total 318464K, used 147787K [0x0000000080000000, 0x0000000093700000, 0x00000000d5580000)
  object space 318464K, 46% used [0x0000000080000000,0x0000000089052c98,0x0000000093700000)
 Metaspace       used 144284K, capacity 150867K, committed 151296K, reserved 1181696K
  class space    used 18344K, capacity 19569K, committed 19712K, reserved 1048576K
Event: 2262.823 GC heap after
Heap after GC invocations=46 (full 5):
 PSYoungGen      total 573440K, used 11108K [0x00000000d5580000, 0x00000000fc500000, 0x0000000100000000)
  eden space 508416K, 0% used [0x00000000d5580000,0x00000000d5580000,0x00000000f4600000)
  from space 65024K, 17% used [0x00000000f4600000,0x00000000f50d9030,0x00000000f8580000)
  to   space 60416K, 0% used [0x00000000f8a00000,0x00000000f8a00000,0x00000000fc500000)
 ParOldGen       total 318464K, used 152692K [0x0000000080000000, 0x0000000093700000, 0x00000000d5580000)
  object space 318464K, 47% used [0x0000000080000000,0x000000008951d1c8,0x0000000093700000)
 Metaspace       used 144284K, capacity 150867K, committed 151296K, reserved 1181696K
  class space    used 18344K, capacity 19569K, committed 19712K, reserved 1048576K
}

