# JRE version: OpenJDK Runtime Environment (8.0_242-b01) (build 1.8.0_242-release-1644-b01)
# Java VM: OpenJDK 64-Bit Server VM (25.242-b01 mixed mode windows-amd64 compressed oops)
Heap:
 PSYoungGen      total 547840K, used 236529K [0x00000000d5580000, 0x00000000feb00000, 0x0000000100000000)
  eden space 434688K, 47% used [0x00000000d5580000,0x00000000e1eedef8,0x00000000efe00000)
  from space 113152K, 26% used [0x00000000f7c80000,0x00000000f9a10b38,0x00000000feb00000)
  to   space 121344K, 0% used [0x00000000efe00000,0x00000000efe00000,0x00000000f7480000)
 ParOldGen       total 382976K, used 312743K [0x0000000080000000, 0x0000000097600000, 0x00000000d5580000)
  object space 382976K, 81% used [0x0000000080000000,0x0000000093169f60,0x0000000097600000)
 Metaspace       used 155445K, capacity 163395K, committed 163672K, reserved 1191936K
  class space    used 19772K, capacity 21251K, committed 21376K, reserved 1048576K
GC Heap History (10 events):
Event: 1549.922 GC heap before
{Heap before GC invocations=49 (full 5):
 PSYoungGen      total 566272K, used 445235K [0x00000000d5580000, 0x00000000ffd80000, 0x0000000100000000)
  eden space 441856K, 100% used [0x00000000d5580000,0x00000000f0500000,0x00000000f0500000)
  from space 124416K, 2% used [0x00000000f0500000,0x00000000f084cde0,0x00000000f7e80000)
  to   space 123392K, 0% used [0x00000000f8500000,0x00000000f8500000,0x00000000ffd80000)
 ParOldGen       total 382976K, used 308176K [0x0000000080000000, 0x0000000097600000, 0x00000000d5580000)
  object space 382976K, 80% used [0x0000000080000000,0x0000000092cf4380,0x0000000097600000)
 Metaspace       used 147428K, capacity 154777K, committed 154968K, reserved 1183744K
  class space    used 18849K, capacity 20307K, committed 20352K, reserved 1048576K
Event: 1550.020 GC heap after
Heap after GC invocations=49 (full 5):
 PSYoungGen      total 542720K, used 107503K [0x00000000d5580000, 0x0000000100000000, 0x0000000100000000)
  eden space 419328K, 0% used [0x00000000d5580000,0x00000000d5580000,0x00000000eef00000)
  from space 123392K, 87% used [0x00000000f8500000,0x00000000fedfbc10,0x00000000ffd80000)
  to   space 139776K, 0% used [0x00000000eef00000,0x00000000eef00000,0x00000000f7780000)
 ParOldGen       total 382976K, used 309253K [0x0000000080000000, 0x0000000097600000, 0x00000000d5580000)
  object space 382976K, 80% used [0x0000000080000000,0x0000000092e014e0,0x0000000097600000)
 Metaspace       used 147428K, capacity 154777K, committed 154968K, reserved 1183744K
  class space    used 18849K, capacity 20307K, committed 20352K, reserved 1048576K
}
Event: 1582.108 GC heap before
{Heap before GC invocations=50 (full 5):
 PSYoungGen      total 542720K, used 526831K [0x00000000d5580000, 0x0000000100000000, 0x0000000100000000)
  eden space 419328K, 100% used [0x00000000d5580000,0x00000000eef00000,0x00000000eef00000)
  from space 123392K, 87% used [0x00000000f8500000,0x00000000fedfbc10,0x00000000ffd80000)
  to   space 139776K, 0% used [0x00000000eef00000,0x00000000eef00000,0x00000000f7780000)
 ParOldGen       total 382976K, used 309253K [0x0000000080000000, 0x0000000097600000, 0x00000000d5580000)
  object space 382976K, 80% used [0x0000000080000000,0x0000000092e014e0,0x0000000097600000)
 Metaspace       used 147998K, capacity 155411K, committed 155608K, reserved 1183744K
  class space    used 18903K, capacity 20386K, committed 20480K, reserved 1048576K
Event: 1582.120 GC heap after
Heap after GC invocations=50 (full 5):
 PSYoungGen      total 559104K, used 3336K [0x00000000d5580000, 0x0000000100000000, 0x0000000100000000)
  eden space 419328K, 0% used [0x00000000d5580000,0x00000000d5580000,0x00000000eef00000)
  from space 139776K, 2% used [0x00000000eef00000,0x00000000ef242298,0x00000000f7780000)
  to   space 138240K, 0% used [0x00000000f7900000,0x00000000f7900000,0x0000000100000000)
 ParOldGen       total 382976K, used 310925K [0x0000000080000000, 0x0000000097600000, 0x00000000d5580000)
  object space 382976K, 81% used [0x0000000080000000,0x0000000092fa35a0,0x0000000097600000)
 Metaspace       used 147998K, capacity 155411K, committed 155608K, reserved 1183744K
  class space    used 18903K, capacity 20386K, committed 20480K, reserved 1048576K
}
Event: 1591.538 GC heap before
{Heap before GC invocations=51 (full 5):
 PSYoungGen      total 559104K, used 422664K [0x00000000d5580000, 0x0000000100000000, 0x0000000100000000)
  eden space 419328K, 100% used [0x00000000d5580000,0x00000000eef00000,0x00000000eef00000)
  from space 139776K, 2% used [0x00000000eef00000,0x00000000ef242298,0x00000000f7780000)
  to   space 138240K, 0% used [0x00000000f7900000,0x00000000f7900000,0x0000000100000000)
 ParOldGen       total 382976K, used 310925K [0x0000000080000000, 0x0000000097600000, 0x00000000d5580000)
  object space 382976K, 81% used [0x0000000080000000,0x0000000092fa35a0,0x0000000097600000)
 Metaspace       used 148568K, capacity 156263K, committed 156376K, reserved 1185792K
  class space    used 18956K, capacity 20436K, committed 20480K, reserved 1048576K
Event: 1591.551 GC heap after
Heap after GC invocations=51 (full 5):
 PSYoungGen      total 550400K, used 7816K [0x00000000d5580000, 0x00000000ff780000, 0x0000000100000000)
  eden space 420864K, 0% used [0x00000000d5580000,0x00000000d5580000,0x00000000ef080000)
  from space 129536K, 6% used [0x00000000f7900000,0x00000000f80a2210,0x00000000ff780000)
  to   space 134656K, 0% used [0x00000000ef080000,0x00000000ef080000,0x00000000f7400000)
 ParOldGen       total 382976K, used 312727K [0x0000000080000000, 0x0000000097600000, 0x00000000d5580000)
  object space 382976K, 81% used [0x0000000080000000,0x0000000093165f60,0x0000000097600000)
 Metaspace       used 148568K, capacity 156263K, committed 156376K, reserved 1185792K
  class space    used 18956K, capacity 20436K, committed 20480K, reserved 1048576K
}
Event: 1601.636 GC heap before
{Heap before GC invocations=52 (full 5):
 PSYoungGen      total 550400K, used 428680K [0x00000000d5580000, 0x00000000ff780000, 0x0000000100000000)
  eden space 420864K, 100% used [0x00000000d5580000,0x00000000ef080000,0x00000000ef080000)
  from space 129536K, 6% used [0x00000000f7900000,0x00000000f80a2210,0x00000000ff780000)
  to   space 134656K, 0% used [0x00000000ef080000,0x00000000ef080000,0x00000000f7400000)
 ParOldGen       total 382976K, used 312727K [0x0000000080000000, 0x0000000097600000, 0x00000000d5580000)
  object space 382976K, 81% used [0x0000000080000000,0x0000000093165f60,0x0000000097600000)
 Metaspace       used 149168K, capacity 156945K, committed 157016K, reserved 1185792K
  class space    used 19023K, capacity 20539K, committed 20608K, reserved 1048576K
Event: 1601.659 GC heap after
Heap after GC invocations=52 (full 5):
 PSYoungGen      total 555520K, used 16925K [0x00000000d5580000, 0x00000000ffb00000, 0x0000000100000000)
  eden space 420864K, 0% used [0x00000000d5580000,0x00000000d5580000,0x00000000ef080000)
  from space 134656K, 12% used [0x00000000ef080000,0x00000000f0107468,0x00000000f7400000)
  to   space 129536K, 0% used [0x00000000f7c80000,0x00000000f7c80000,0x00000000ffb00000)
 ParOldGen       total 382976K, used 312735K [0x0000000080000000, 0x0000000097600000, 0x00000000d5580000)
  object space 382976K, 81% used [0x0000000080000000,0x0000000093167f60,0x0000000097600000)
 Metaspace       used 149168K, capacity 156945K, committed 157016K, reserved 1185792K
  class space    used 19023K, capacity 20539K, committed 20608K, reserved 1048576K
}
Event: 1605.240 GC heap before
{Heap before GC invocations=53 (full 5):
 PSYoungGen      total 555520K, used 437789K [0x00000000d5580000, 0x00000000ffb00000, 0x0000000100000000)
  eden space 420864K, 100% used [0x00000000d5580000,0x00000000ef080000,0x00000000ef080000)
  from space 134656K, 12% used [0x00000000ef080000,0x00000000f0107468,0x00000000f7400000)
  to   space 129536K, 0% used [0x00000000f7c80000,0x00000000f7c80000,0x00000000ffb00000)
 ParOldGen       total 382976K, used 312735K [0x0000000080000000, 0x0000000097600000, 0x00000000d5580000)
  object space 382976K, 81% used [0x0000000080000000,0x0000000093167f60,0x0000000097600000)
 Metaspace       used 155428K, capacity 163327K, committed 163672K, reserved 1191936K
  class space    used 19772K, capacity 21251K, committed 21376K, reserved 1048576K
Event: 1605.274 GC heap after
Heap after GC invocations=53 (full 5):
 PSYoungGen      total 547840K, used 30274K [0x00000000d5580000, 0x00000000feb00000, 0x0000000100000000)
  eden space 434688K, 0% used [0x00000000d5580000,0x00000000d5580000,0x00000000efe00000)
  from space 113152K, 26% used [0x00000000f7c80000,0x00000000f9a10b38,0x00000000feb00000)
  to   space 121344K, 0% used [0x00000000efe00000,0x00000000efe00000,0x00000000f7480000)
 ParOldGen       total 382976K, used 312743K [0x0000000080000000, 0x0000000097600000, 0x00000000d5580000)
  object space 382976K, 81% used [0x0000000080000000,0x0000000093169f60,0x0000000097600000)
 Metaspace       used 155428K, capacity 163327K, committed 163672K, reserved 1191936K
  class space    used 19772K, capacity 21251K, committed 21376K, reserved 1048576K
}

