# JRE version: OpenJDK Runtime Environment (8.0_242-b01) (build 1.8.0_242-release-1644-b01)
# Java VM: OpenJDK 64-Bit Server VM (25.242-b01 mixed mode windows-amd64 compressed oops)
Heap:
 PSYoungGen      total 251392K, used 40901K [0x00000000d5580000, 0x00000000e6200000, 0x0000000100000000)
  eden space 231936K, 9% used [0x00000000d5580000,0x00000000d6ba9768,0x00000000e3800000)
  from space 19456K, 93% used [0x00000000e4e80000,0x00000000e6047d58,0x00000000e6180000)
  to   space 21504K, 0% used [0x00000000e3800000,0x00000000e3800000,0x00000000e4d00000)
 ParOldGen       total 130048K, used 48224K [0x0000000080000000, 0x0000000087f00000, 0x00000000d5580000)
  object space 130048K, 37% used [0x0000000080000000,0x0000000082f18198,0x0000000087f00000)
 Metaspace       used 73667K, capacity 77076K, committed 77272K, reserved 1116160K
  class space    used 9795K, capacity 10455K, committed 10496K, reserved 1048576K
GC Heap History (10 events):
Event: 7.545 GC heap before
{Heap before GC invocations=13 (full 2):
 PSYoungGen      total 153088K, used 152921K [0x00000000d5580000, 0x00000000e0580000, 0x0000000100000000)
  eden space 145408K, 100% used [0x00000000d5580000,0x00000000de380000,0x00000000de380000)
  from space 7680K, 97% used [0x00000000dfe00000,0x00000000e0556558,0x00000000e0580000)
  to   space 11776K, 0% used [0x00000000dee80000,0x00000000dee80000,0x00000000dfa00000)
 ParOldGen       total 81408K, used 15140K [0x0000000080000000, 0x0000000084f80000, 0x00000000d5580000)
  object space 81408K, 18% used [0x0000000080000000,0x0000000080ec9300,0x0000000084f80000)
 Metaspace       used 51016K, capacity 53118K, committed 53336K, reserved 1095680K
  class space    used 6824K, capacity 7249K, committed 7296K, reserved 1048576K
Event: 7.574 GC heap after
Heap after GC invocations=13 (full 2):
 PSYoungGen      total 168448K, used 11748K [0x00000000d5580000, 0x00000000e3280000, 0x0000000100000000)
  eden space 156672K, 0% used [0x00000000d5580000,0x00000000d5580000,0x00000000dee80000)
  from space 11776K, 99% used [0x00000000dee80000,0x00000000df9f9100,0x00000000dfa00000)
  to   space 16896K, 0% used [0x00000000e2200000,0x00000000e2200000,0x00000000e3280000)
 ParOldGen       total 81408K, used 26091K [0x0000000080000000, 0x0000000084f80000, 0x00000000d5580000)
  object space 81408K, 32% used [0x0000000080000000,0x000000008197ac98,0x0000000084f80000)
 Metaspace       used 51016K, capacity 53118K, committed 53336K, reserved 1095680K
  class space    used 6824K, capacity 7249K, committed 7296K, reserved 1048576K
}
Event: 8.436 GC heap before
{Heap before GC invocations=14 (full 2):
 PSYoungGen      total 168448K, used 105335K [0x00000000d5580000, 0x00000000e3280000, 0x0000000100000000)
  eden space 156672K, 59% used [0x00000000d5580000,0x00000000db0e4e78,0x00000000dee80000)
  from space 11776K, 99% used [0x00000000dee80000,0x00000000df9f9100,0x00000000dfa00000)
  to   space 16896K, 0% used [0x00000000e2200000,0x00000000e2200000,0x00000000e3280000)
 ParOldGen       total 81408K, used 26091K [0x0000000080000000, 0x0000000084f80000, 0x00000000d5580000)
  object space 81408K, 32% used [0x0000000080000000,0x000000008197ac98,0x0000000084f80000)
 Metaspace       used 56620K, capacity 58892K, committed 59028K, reserved 1099776K
  class space    used 7745K, capacity 8179K, committed 8192K, reserved 1048576K
Event: 8.465 GC heap after
Heap after GC invocations=14 (full 2):
 PSYoungGen      total 209408K, used 10317K [0x00000000d5580000, 0x00000000e4380000, 0x0000000100000000)
  eden space 192512K, 0% used [0x00000000d5580000,0x00000000d5580000,0x00000000e1180000)
  from space 16896K, 61% used [0x00000000e2200000,0x00000000e2c134f0,0x00000000e3280000)
  to   space 16896K, 0% used [0x00000000e1180000,0x00000000e1180000,0x00000000e2200000)
 ParOldGen       total 81408K, used 35628K [0x0000000080000000, 0x0000000084f80000, 0x00000000d5580000)
  object space 81408K, 43% used [0x0000000080000000,0x00000000822cb250,0x0000000084f80000)
 Metaspace       used 56620K, capacity 58892K, committed 59028K, reserved 1099776K
  class space    used 7745K, capacity 8179K, committed 8192K, reserved 1048576K
}
Event: 8.465 GC heap before
{Heap before GC invocations=15 (full 3):
 PSYoungGen      total 209408K, used 10317K [0x00000000d5580000, 0x00000000e4380000, 0x0000000100000000)
  eden space 192512K, 0% used [0x00000000d5580000,0x00000000d5580000,0x00000000e1180000)
  from space 16896K, 61% used [0x00000000e2200000,0x00000000e2c134f0,0x00000000e3280000)
  to   space 16896K, 0% used [0x00000000e1180000,0x00000000e1180000,0x00000000e2200000)
 ParOldGen       total 81408K, used 35628K [0x0000000080000000, 0x0000000084f80000, 0x00000000d5580000)
  object space 81408K, 43% used [0x0000000080000000,0x00000000822cb250,0x0000000084f80000)
 Metaspace       used 56620K, capacity 58892K, committed 59028K, reserved 1099776K
  class space    used 7745K, capacity 8179K, committed 8192K, reserved 1048576K
Event: 8.673 GC heap after
Heap after GC invocations=15 (full 3):
 PSYoungGen      total 209408K, used 0K [0x00000000d5580000, 0x00000000e4380000, 0x0000000100000000)
  eden space 192512K, 0% used [0x00000000d5580000,0x00000000d5580000,0x00000000e1180000)
  from space 16896K, 0% used [0x00000000e2200000,0x00000000e2200000,0x00000000e3280000)
  to   space 16896K, 0% used [0x00000000e1180000,0x00000000e1180000,0x00000000e2200000)
 ParOldGen       total 130048K, used 36745K [0x0000000080000000, 0x0000000087f00000, 0x00000000d5580000)
  object space 130048K, 28% used [0x0000000080000000,0x00000000823e2548,0x0000000087f00000)
 Metaspace       used 56609K, capacity 58856K, committed 59028K, reserved 1099776K
  class space    used 7742K, capacity 8173K, committed 8192K, reserved 1048576K
}
Event: 150.564 GC heap before
{Heap before GC invocations=16 (full 3):
 PSYoungGen      total 209408K, used 192512K [0x00000000d5580000, 0x00000000e4380000, 0x0000000100000000)
  eden space 192512K, 100% used [0x00000000d5580000,0x00000000e1180000,0x00000000e1180000)
  from space 16896K, 0% used [0x00000000e2200000,0x00000000e2200000,0x00000000e3280000)
  to   space 16896K, 0% used [0x00000000e1180000,0x00000000e1180000,0x00000000e2200000)
 ParOldGen       total 130048K, used 36745K [0x0000000080000000, 0x0000000087f00000, 0x00000000d5580000)
  object space 130048K, 28% used [0x0000000080000000,0x00000000823e2548,0x0000000087f00000)
 Metaspace       used 67822K, capacity 71074K, committed 71256K, reserved 1110016K
  class space    used 9177K, capacity 9820K, committed 9856K, reserved 1048576K
Event: 150.581 GC heap after
Heap after GC invocations=16 (full 3):
 PSYoungGen      total 209408K, used 16883K [0x00000000d5580000, 0x00000000e6180000, 0x0000000100000000)
  eden space 192512K, 0% used [0x00000000d5580000,0x00000000d5580000,0x00000000e1180000)
  from space 16896K, 99% used [0x00000000e1180000,0x00000000e21fcc10,0x00000000e2200000)
  to   space 19456K, 0% used [0x00000000e4e80000,0x00000000e4e80000,0x00000000e6180000)
 ParOldGen       total 130048K, used 38056K [0x0000000080000000, 0x0000000087f00000, 0x00000000d5580000)
  object space 130048K, 29% used [0x0000000080000000,0x000000008252a068,0x0000000087f00000)
 Metaspace       used 67822K, capacity 71074K, committed 71256K, reserved 1110016K
  class space    used 9177K, capacity 9820K, committed 9856K, reserved 1048576K
}
Event: 156.471 GC heap before
{Heap before GC invocations=17 (full 3):
 PSYoungGen      total 209408K, used 209395K [0x00000000d5580000, 0x00000000e6180000, 0x0000000100000000)
  eden space 192512K, 100% used [0x00000000d5580000,0x00000000e1180000,0x00000000e1180000)
  from space 16896K, 99% used [0x00000000e1180000,0x00000000e21fcc10,0x00000000e2200000)
  to   space 19456K, 0% used [0x00000000e4e80000,0x00000000e4e80000,0x00000000e6180000)
 ParOldGen       total 130048K, used 38056K [0x0000000080000000, 0x0000000087f00000, 0x00000000d5580000)
  object space 130048K, 29% used [0x0000000080000000,0x000000008252a068,0x0000000087f00000)
 Metaspace       used 73656K, capacity 77076K, committed 77272K, reserved 1116160K
  class space    used 9795K, capacity 10455K, committed 10496K, reserved 1048576K
Event: 156.526 GC heap after
Heap after GC invocations=17 (full 3):
 PSYoungGen      total 251392K, used 18207K [0x00000000d5580000, 0x00000000e6200000, 0x0000000100000000)
  eden space 231936K, 0% used [0x00000000d5580000,0x00000000d5580000,0x00000000e3800000)
  from space 19456K, 93% used [0x00000000e4e80000,0x00000000e6047d58,0x00000000e6180000)
  to   space 21504K, 0% used [0x00000000e3800000,0x00000000e3800000,0x00000000e4d00000)
 ParOldGen       total 130048K, used 48224K [0x0000000080000000, 0x0000000087f00000, 0x00000000d5580000)
  object space 130048K, 37% used [0x0000000080000000,0x0000000082f18198,0x0000000087f00000)
 Metaspace       used 73656K, capacity 77076K, committed 77272K, reserved 1116160K
  class space    used 9795K, capacity 10455K, committed 10496K, reserved 1048576K
}

