# JRE version: OpenJDK Runtime Environment (8.0_242-b01) (build 1.8.0_242-release-1644-b01)
# Java VM: OpenJDK 64-Bit Server VM (25.242-b01 mixed mode windows-amd64 compressed oops)
Heap:
 PSYoungGen      total 372736K, used 80982K [0x00000000d5580000, 0x00000000f0700000, 0x0000000100000000)
  eden space 301568K, 22% used [0x00000000d5580000,0x00000000d9886bd0,0x00000000e7c00000)
  from space 71168K, 17% used [0x00000000ec180000,0x00000000ecd8ec60,0x00000000f0700000)
  to   space 71168K, 0% used [0x00000000e7c00000,0x00000000e7c00000,0x00000000ec180000)
 ParOldGen       total 273408K, used 89671K [0x0000000080000000, 0x0000000090b00000, 0x00000000d5580000)
  object space 273408K, 32% used [0x0000000080000000,0x0000000085791e48,0x0000000090b00000)
 Metaspace       used 161209K, capacity 168302K, committed 168780K, reserved 1196032K
  class space    used 21190K, capacity 22701K, committed 22912K, reserved 1048576K
GC Heap History (10 events):
Event: 3285.123 GC heap before
{Heap before GC invocations=27 (full 4):
 PSYoungGen      total 305152K, used 305147K [0x00000000d5580000, 0x00000000ec380000, 0x0000000100000000)
  eden space 263168K, 100% used [0x00000000d5580000,0x00000000e5680000,0x00000000e5680000)
  from space 41984K, 99% used [0x00000000e8a00000,0x00000000eb2fee40,0x00000000eb300000)
  to   space 52736K, 0% used [0x00000000e5680000,0x00000000e5680000,0x00000000e8a00000)
 ParOldGen       total 184832K, used 52919K [0x0000000080000000, 0x000000008b480000, 0x00000000d5580000)
  object space 184832K, 28% used [0x0000000080000000,0x00000000833addc8,0x000000008b480000)
 Metaspace       used 140299K, capacity 146590K, committed 146764K, reserved 1177600K
  class space    used 18266K, capacity 19545K, committed 19584K, reserved 1048576K
Event: 3285.166 GC heap after
Heap after GC invocations=27 (full 4):
 PSYoungGen      total 315904K, used 39763K [0x00000000d5580000, 0x00000000edb80000, 0x0000000100000000)
  eden space 263168K, 0% used [0x00000000d5580000,0x00000000d5580000,0x00000000e5680000)
  from space 52736K, 75% used [0x00000000e5680000,0x00000000e7d54e10,0x00000000e8a00000)
  to   space 56320K, 0% used [0x00000000ea480000,0x00000000ea480000,0x00000000edb80000)
 ParOldGen       total 184832K, used 67903K [0x0000000080000000, 0x000000008b480000, 0x00000000d5580000)
  object space 184832K, 36% used [0x0000000080000000,0x000000008424fe10,0x000000008b480000)
 Metaspace       used 140299K, capacity 146590K, committed 146764K, reserved 1177600K
  class space    used 18266K, capacity 19545K, committed 19584K, reserved 1048576K
}
Event: 3379.205 GC heap before
{Heap before GC invocations=28 (full 4):
 PSYoungGen      total 315904K, used 302931K [0x00000000d5580000, 0x00000000edb80000, 0x0000000100000000)
  eden space 263168K, 100% used [0x00000000d5580000,0x00000000e5680000,0x00000000e5680000)
  from space 52736K, 75% used [0x00000000e5680000,0x00000000e7d54e10,0x00000000e8a00000)
  to   space 56320K, 0% used [0x00000000ea480000,0x00000000ea480000,0x00000000edb80000)
 ParOldGen       total 184832K, used 67903K [0x0000000080000000, 0x000000008b480000, 0x00000000d5580000)
  object space 184832K, 36% used [0x0000000080000000,0x000000008424fe10,0x000000008b480000)
 Metaspace       used 151001K, capacity 158052K, committed 158284K, reserved 1185792K
  class space    used 19675K, capacity 21099K, committed 21120K, reserved 1048576K
Event: 3379.253 GC heap after
Heap after GC invocations=28 (full 4):
 PSYoungGen      total 333824K, used 56140K [0x00000000d5580000, 0x00000000ee900000, 0x0000000100000000)
  eden space 277504K, 0% used [0x00000000d5580000,0x00000000d5580000,0x00000000e6480000)
  from space 56320K, 99% used [0x00000000ea480000,0x00000000edb53178,0x00000000edb80000)
  to   space 65536K, 0% used [0x00000000e6480000,0x00000000e6480000,0x00000000ea480000)
 ParOldGen       total 184832K, used 67911K [0x0000000080000000, 0x000000008b480000, 0x00000000d5580000)
  object space 184832K, 36% used [0x0000000080000000,0x0000000084251e10,0x000000008b480000)
 Metaspace       used 151001K, capacity 158052K, committed 158284K, reserved 1185792K
  class space    used 19675K, capacity 21099K, committed 21120K, reserved 1048576K
}
Event: 3380.983 GC heap before
{Heap before GC invocations=29 (full 4):
 PSYoungGen      total 333824K, used 151934K [0x00000000d5580000, 0x00000000ee900000, 0x0000000100000000)
  eden space 277504K, 34% used [0x00000000d5580000,0x00000000db30c830,0x00000000e6480000)
  from space 56320K, 99% used [0x00000000ea480000,0x00000000edb53178,0x00000000edb80000)
  to   space 65536K, 0% used [0x00000000e6480000,0x00000000e6480000,0x00000000ea480000)
 ParOldGen       total 184832K, used 67911K [0x0000000080000000, 0x000000008b480000, 0x00000000d5580000)
  object space 184832K, 36% used [0x0000000080000000,0x0000000084251e10,0x000000008b480000)
 Metaspace       used 156347K, capacity 163734K, committed 163916K, reserved 1191936K
  class space    used 20561K, capacity 22076K, committed 22144K, reserved 1048576K
Event: 3381.016 GC heap after
Heap after GC invocations=29 (full 4):
 PSYoungGen      total 343040K, used 56737K [0x00000000d5580000, 0x00000000f0880000, 0x0000000100000000)
  eden space 277504K, 0% used [0x00000000d5580000,0x00000000d5580000,0x00000000e6480000)
  from space 65536K, 86% used [0x00000000e6480000,0x00000000e9be8528,0x00000000ea480000)
  to   space 72704K, 0% used [0x00000000ec180000,0x00000000ec180000,0x00000000f0880000)
 ParOldGen       total 184832K, used 67919K [0x0000000080000000, 0x000000008b480000, 0x00000000d5580000)
  object space 184832K, 36% used [0x0000000080000000,0x0000000084253e10,0x000000008b480000)
 Metaspace       used 156347K, capacity 163734K, committed 163916K, reserved 1191936K
  class space    used 20561K, capacity 22076K, committed 22144K, reserved 1048576K
}
Event: 3381.017 GC heap before
{Heap before GC invocations=30 (full 5):
 PSYoungGen      total 343040K, used 56737K [0x00000000d5580000, 0x00000000f0880000, 0x0000000100000000)
  eden space 277504K, 0% used [0x00000000d5580000,0x00000000d5580000,0x00000000e6480000)
  from space 65536K, 86% used [0x00000000e6480000,0x00000000e9be8528,0x00000000ea480000)
  to   space 72704K, 0% used [0x00000000ec180000,0x00000000ec180000,0x00000000f0880000)
 ParOldGen       total 184832K, used 67919K [0x0000000080000000, 0x000000008b480000, 0x00000000d5580000)
  object space 184832K, 36% used [0x0000000080000000,0x0000000084253e10,0x000000008b480000)
 Metaspace       used 156347K, capacity 163734K, committed 163916K, reserved 1191936K
  class space    used 20561K, capacity 22076K, committed 22144K, reserved 1048576K
Event: 3381.276 GC heap after
Heap after GC invocations=30 (full 5):
 PSYoungGen      total 343040K, used 0K [0x00000000d5580000, 0x00000000f0880000, 0x0000000100000000)
  eden space 277504K, 0% used [0x00000000d5580000,0x00000000d5580000,0x00000000e6480000)
  from space 65536K, 0% used [0x00000000e6480000,0x00000000e6480000,0x00000000ea480000)
  to   space 72704K, 0% used [0x00000000ec180000,0x00000000ec180000,0x00000000f0880000)
 ParOldGen       total 273408K, used 89663K [0x0000000080000000, 0x0000000090b00000, 0x00000000d5580000)
  object space 273408K, 32% used [0x0000000080000000,0x000000008578fe48,0x0000000090b00000)
 Metaspace       used 156052K, capacity 163030K, committed 163916K, reserved 1191936K
  class space    used 20473K, capacity 21975K, committed 22144K, reserved 1048576K
}
Event: 3384.654 GC heap before
{Heap before GC invocations=31 (full 5):
 PSYoungGen      total 343040K, used 277504K [0x00000000d5580000, 0x00000000f0880000, 0x0000000100000000)
  eden space 277504K, 100% used [0x00000000d5580000,0x00000000e6480000,0x00000000e6480000)
  from space 65536K, 0% used [0x00000000e6480000,0x00000000e6480000,0x00000000ea480000)
  to   space 72704K, 0% used [0x00000000ec180000,0x00000000ec180000,0x00000000f0880000)
 ParOldGen       total 273408K, used 89663K [0x0000000080000000, 0x0000000090b00000, 0x00000000d5580000)
  object space 273408K, 32% used [0x0000000080000000,0x000000008578fe48,0x0000000090b00000)
 Metaspace       used 160876K, capacity 167894K, committed 168396K, reserved 1196032K
  class space    used 21150K, capacity 22657K, committed 22784K, reserved 1048576K
Event: 3384.665 GC heap after
Heap after GC invocations=31 (full 5):
 PSYoungGen      total 372736K, used 12347K [0x00000000d5580000, 0x00000000f0700000, 0x0000000100000000)
  eden space 301568K, 0% used [0x00000000d5580000,0x00000000d5580000,0x00000000e7c00000)
  from space 71168K, 17% used [0x00000000ec180000,0x00000000ecd8ec60,0x00000000f0700000)
  to   space 71168K, 0% used [0x00000000e7c00000,0x00000000e7c00000,0x00000000ec180000)
 ParOldGen       total 273408K, used 89671K [0x0000000080000000, 0x0000000090b00000, 0x00000000d5580000)
  object space 273408K, 32% used [0x0000000080000000,0x0000000085791e48,0x0000000090b00000)
 Metaspace       used 160876K, capacity 167894K, committed 168396K, reserved 1196032K
  class space    used 21150K, capacity 22657K, committed 22784K, reserved 1048576K
}

